#
# A fatal error has been detected by the Java Runtime Environment:
#
#  SIGSEGV (0xb) at pc=0x000000010ee2317c, pid=3168, tid=19203
#
# JRE version: Java(TM) SE Runtime Environment (8.0_31-b13) (build 1.8.0_31-b13)
# Java VM: Java HotSpot(TM) 64-Bit Server VM (25.31-b07 mixed mode bsd-amd64 compressed oops)
# Problematic frame:
# V  [libjvm.dylib+0x42317c]  Method::checked_resolve_jmethod_id(_jmethodID*)+0xe
#
# Failed to write core dump. Core dumps have been disabled. To enable core dumping, try "ulimit -c unlimited" before starting Java again
#
# If you would like to submit a bug report, please visit:
#   http://bugreport.java.com/bugreport/crash.jsp
#

---------------  T H R E A D  ---------------

Current thread (0x00007fccb9829000):  JavaThread "JDWP Transport Listener: dt_socket" daemon [_thread_in_vm, id=19203, stack(0x000070000ce53000,0x000070000cf53000)]

siginfo: si_signo: 11 (SIGSEGV), si_code: 0 (unknown), si_addr: 0x0000000000000000

Registers:
RAX=0x0000000000000001, RBX=0x000070000cf52a8b, RCX=0x000000010f1d7c70, RDX=0x000070000cf52a8b
RSP=0x000070000cf529d0, RBP=0x000070000cf529e0, RSI=0x00007fccb9829000, RDI=0xe00007fccb8d26b1
R8 =0x0000000000000000, R9 =0x00007fccb8d283d0, R10=0x0000000000000001, R11=0x0000000000000001
R12=0x00007fccb9829000, R13=0xe00007fccb8d26b1, R14=0xe00007fccb8d26b1, R15=0x00007fccb8d08c40
RIP=0x000000010ee2317c, EFLAGS=0x0000000000010286, ERR=0x0000000000000000
  TRAPNO=0x000000000000000d

Top of Stack: (sp=0x000070000cf529d0)
0x000070000cf529d0:   000070000cf52a8b 000070000cf52a8b
0x000070000cf529e0:   000070000cf52a40 000000010ed3519e
0x000070000cf529f0:   00007fccb9829000 0000000000000000
0x000070000cf52a00:   0000000000000000 0000000000000000
0x000070000cf52a10:   00007fccb9829000 00007fccb9829000
0x000070000cf52a20:   000070000cf52a8b 000070000cf52a90
0x000070000cf52a30:   e00007fccb8d26b1 0000000000000004
0x000070000cf52a40:   000070000cf52a60 000000010d8e07dc
0x000070000cf52a50:   0000000000000001 000070000cf52b08
0x000070000cf52a60:   000070000cf52ad0 000000010d8c5263
0x000070000cf52a70:   000070000cf52aa0 00007fccb8d25910
0x000070000cf52a80:   0000000600000032 0000000900f52b08
0x000070000cf52a90:   0000000000000000 0000000000000000
0x000070000cf52aa0:   0000000000000000 000070000cf52c90
0x000070000cf52ab0:   000000010d8e7eca 00007fccb8d26af0
0x000070000cf52ac0:   000070000cf52b08 000000010d8f3588
0x000070000cf52ad0:   000070000cf52ae0 000000010d8c535c
0x000070000cf52ae0:   000070000cf52d00 000000010d8ce8f6
0x000070000cf52af0:   00000e7a00000013 00000000000f0200
0x000070000cf52b00:   00007fccb8d26b10 000070000cf52c03
0x000070000cf52b10:   00007fcc00000081 000070000cf52b20
0x000070000cf52b20:   00007fcc000000ab 000070000cf52b58
0x000070000cf52b30:   0000000000000000 0000000000000000
0x000070000cf52b40:   00000e7a0000001c 00007fcc00008380
0x000070000cf52b50:   000070000cf52b58 cc7f000006000000
0x000070000cf52b60:   08000000e85cd2b8 3e74696e696c633c
0x000070000cf52b70:   0056292803000000 0008000000000000
0x000070000cf52b80:   00e05cd2b8cc7f00 74696e693c060000
0x000070000cf52b90:   562928030000003e 0100000000000000
0x000070000cf52ba0:   f05cd2b8cc7f0000 6e69616d04000000
0x000070000cf52bb0:   6a4c5b2816000000 676e616c2f617661
0x000070000cf52bc0:   3b676e697274532f 0000000000005629 

Instructions: (pc=0x000000010ee2317c)
0x000000010ee2315c:   40 48 48 85 c0 75 e0 30 c0 0f b6 c0 5d c3 31 c0
0x000000010ee2316c:   5d c3 55 48 89 e5 53 48 83 ec 08 48 85 ff 74 24
0x000000010ee2317c:   48 8b 1f 48 85 db 74 1c 48 83 fb 37 74 16 48 8b
0x000000010ee2318c:   03 48 89 df ff 50 10 84 c0 b8 00 00 00 00 48 0f 

Register to memory mapping:

RAX=0x0000000000000001 is an unknown value
RBX=0x000070000cf52a8b is pointing into the stack for thread: 0x00007fccb9829000
RCX=0x000000010f1d7c70: UseMembar+0 in /Library/Java/JavaVirtualMachines/jdk1.8.0_31.jdk/Contents/Home/jre/lib/server/libjvm.dylib at 0x000000010ea00000
RDX=0x000070000cf52a8b is pointing into the stack for thread: 0x00007fccb9829000
RSP=0x000070000cf529d0 is pointing into the stack for thread: 0x00007fccb9829000
RBP=0x000070000cf529e0 is pointing into the stack for thread: 0x00007fccb9829000
RSI=0x00007fccb9829000 is a thread
RDI=0xe00007fccb8d26b1 is an unknown value
R8 =0x0000000000000000 is an unknown value
R9 =0x00007fccb8d283d0 is an unknown value
R10=0x0000000000000001 is an unknown value
R11=0x0000000000000001 is an unknown value
R12=0x00007fccb9829000 is a thread
R13=0xe00007fccb8d26b1 is an unknown value
R14=0xe00007fccb8d26b1 is an unknown value
R15=0x00007fccb8d08c40 is an unknown value


Stack: [0x000070000ce53000,0x000070000cf53000],  sp=0x000070000cf529d0,  free space=1022k
Native frames: (J=compiled Java code, j=interpreted, Vv=VM code, C=native code)
V  [libjvm.dylib+0x42317c]  Method::checked_resolve_jmethod_id(_jmethodID*)+0xe
V  [libjvm.dylib+0x33519e]  jvmti_IsMethodSynthetic+0xb2
C  [libjdwp.dylib+0x207dc]  isMethodSynthetic+0x63
C  [libjdwp.dylib+0x5263]  methods1+0x10b
C  [libjdwp.dylib+0x535c]  methodsWithGeneric+0xe
C  [libjdwp.dylib+0xe8f6]  debugLoop_run+0x1ce
C  [libjdwp.dylib+0x1f716]  attachThread+0x4d
V  [libjvm.dylib+0x3761fe]  JvmtiAgentThread::call_start_function()+0x38
V  [libjvm.dylib+0x5360cf]  JavaThread::thread_main_inner()+0x9b
V  [libjvm.dylib+0x53780c]  JavaThread::run()+0x1c2
V  [libjvm.dylib+0x45d772]  java_start(Thread*)+0xf6
C  [libsystem_pthread.dylib+0x393b]  _pthread_body+0xb4
C  [libsystem_pthread.dylib+0x3887]  _pthread_body+0x0
C  [libsystem_pthread.dylib+0x308d]  thread_start+0xd
C  0x0000000000000000


---------------  P R O C E S S  ---------------

Java Threads: ( => current thread )
  0x00007fccbb85c800 JavaThread "Service Thread" daemon [_thread_blocked, id=22787, stack(0x000070000d568000,0x000070000d668000)]
  0x00007fccbb84c000 JavaThread "C1 CompilerThread3" daemon [_thread_blocked, id=22275, stack(0x000070000d465000,0x000070000d565000)]
  0x00007fccbb826800 JavaThread "C2 CompilerThread2" daemon [_thread_blocked, id=21763, stack(0x000070000d362000,0x000070000d462000)]
  0x00007fccbc182000 JavaThread "C2 CompilerThread1" daemon [_thread_blocked, id=21251, stack(0x000070000d25f000,0x000070000d35f000)]
  0x00007fccb9016000 JavaThread "C2 CompilerThread0" daemon [_thread_blocked, id=20739, stack(0x000070000d15c000,0x000070000d25c000)]
  0x00007fccbd008000 JavaThread "JDWP Command Reader" daemon [_thread_in_native, id=20227, stack(0x000070000d059000,0x000070000d159000)]
  0x00007fccb9829800 JavaThread "JDWP Event Helper Thread" daemon [_thread_blocked, id=19715, stack(0x000070000cf56000,0x000070000d056000)]
=>0x00007fccb9829000 JavaThread "JDWP Transport Listener: dt_socket" daemon [_thread_in_vm, id=19203, stack(0x000070000ce53000,0x000070000cf53000)]
  0x00007fccb9828000 JavaThread "Signal Dispatcher" daemon [_thread_blocked, id=18691, stack(0x000070000cd50000,0x000070000ce50000)]
  0x00007fccb9820800 JavaThread "Finalizer" daemon [_thread_blocked, id=14339, stack(0x000070000cbca000,0x000070000ccca000)]
  0x00007fccb9820000 JavaThread "Reference Handler" daemon [_thread_blocked, id=13827, stack(0x000070000cac7000,0x000070000cbc7000)]
  0x00007fccbc001800 JavaThread "main" [_thread_blocked, id=6915, stack(0x000070000c0a9000,0x000070000c1a9000)]

Other Threads:
  0x00007fccb981d800 VMThread [stack: 0x000070000c9c4000,0x000070000cac4000] [id=13315]
  0x00007fccb9848000 WatcherThread [stack: 0x000070000d66b000,0x000070000d76b000] [id=23299]

VM state:not at safepoint (normal execution)

VM Mutex/Monitor currently owned by a thread: None

Heap:
 PSYoungGen      total 76288K, used 11814K [0x000000076ab00000, 0x0000000770000000, 0x00000007c0000000)
  eden space 65536K, 18% used [0x000000076ab00000,0x000000076b6898e0,0x000000076eb00000)
  from space 10752K, 0% used [0x000000076f580000,0x000000076f580000,0x0000000770000000)
  to   space 10752K, 0% used [0x000000076eb00000,0x000000076eb00000,0x000000076f580000)
 ParOldGen       total 175104K, used 0K [0x00000006c0000000, 0x00000006cab00000, 0x000000076ab00000)
  object space 175104K, 0% used [0x00000006c0000000,0x00000006c0000000,0x00000006cab00000)
 Metaspace       used 5947K, capacity 6118K, committed 6400K, reserved 1056768K
  class space    used 633K, capacity 665K, committed 768K, reserved 1048576K

Card table byte_map: [0x000000010fcdf000,0x00000001104e0000] byte_map_base: 0x000000010c6df000

Marking Bits: (ParMarkBitMap*) 0x000000010f29e410
 Begin Bits: [0x0000000122d7b000, 0x0000000126d7b000)
 End Bits:   [0x0000000126d7b000, 0x000000012ad7b000)

Polling page: 0x000000010d8bf000

CodeCache: size=245760Kb used=1663Kb max_used=1675Kb free=244096Kb
 bounds [0x0000000113d7b000, 0x0000000113feb000, 0x0000000122d7b000]
 total_blobs=592 nmethods=289 adapters=226
 compilation: enabled

Compilation events (10 events):
Event: 11.719 Thread 0x00007fccbb826800  289       4       java.lang.String::<init> (62 bytes)
Event: 11.720 Thread 0x00007fccbb84c000 nmethod 287 0x0000000113f182d0 code [0x0000000113f184c0, 0x0000000113f18d38]
Event: 11.720 Thread 0x00007fccbb84c000  285       3       org.eclipse.jdt.launching.internal.org.objectweb.asm.ByteVector::putByte (39 bytes)
Event: 11.720 Thread 0x00007fccbc182000 nmethod 286 0x0000000113f1bf50 code [0x0000000113f1c0a0, 0x0000000113f1c1b8]
Event: 11.720 Thread 0x00007fccbb84c000 nmethod 285 0x0000000113f1ba50 code [0x0000000113f1bbc0, 0x0000000113f1be08]
Event: 11.720 Thread 0x00007fccbb84c000  284       3       org.eclipse.jdt.launching.internal.org.objectweb.asm.ClassReader::readUTF8 (23 bytes)
Event: 11.720 Thread 0x00007fccbb84c000 nmethod 284 0x0000000113f1b390 code [0x0000000113f1b520, 0x0000000113f1b8a8]
Event: 11.720 Thread 0x00007fccbb84c000  288       3       org.eclipse.jdt.launching.internal.org.objectweb.asm.ClassReader::readUTF (44 bytes)
Event: 11.721 Thread 0x00007fccbb84c000 nmethod 288 0x0000000113f194d0 code [0x0000000113f19660, 0x0000000113f19b08]
Event: 11.722 Thread 0x00007fccbb826800 nmethod 289 0x0000000113f1dc90 code [0x0000000113f1de00, 0x0000000113f1e118]

GC Heap History (0 events):
No events

Deoptimization events (0 events):
No events

Internal exceptions (10 events):
Event: 0.395 Thread 0x00007fccbc001800 Exception <a 'java/security/PrivilegedActionException'> (0x000000076b451988) thrown at [/Users/java_re/workspace/8-2-build-macosx-x86_64/jdk8u31/2394/hotspot/src/share/vm/prims/jvm.cpp, line 1312]
Event: 0.396 Thread 0x00007fccbc001800 Exception <a 'java/security/PrivilegedActionException'> (0x000000076b45bc10) thrown at [/Users/java_re/workspace/8-2-build-macosx-x86_64/jdk8u31/2394/hotspot/src/share/vm/prims/jvm.cpp, line 1312]
Event: 0.398 Thread 0x00007fccbc001800 Exception <a 'java/security/PrivilegedActionException'> (0x000000076b46ac80) thrown at [/Users/java_re/workspace/8-2-build-macosx-x86_64/jdk8u31/2394/hotspot/src/share/vm/prims/jvm.cpp, line 1312]
Event: 0.398 Thread 0x00007fccbc001800 Exception <a 'java/security/PrivilegedActionException'> (0x000000076b476648) thrown at [/Users/java_re/workspace/8-2-build-macosx-x86_64/jdk8u31/2394/hotspot/src/share/vm/prims/jvm.cpp, line 1312]
Event: 0.399 Thread 0x00007fccbc001800 Exception <a 'java/security/PrivilegedActionException'> (0x000000076b4804d8) thrown at [/Users/java_re/workspace/8-2-build-macosx-x86_64/jdk8u31/2394/hotspot/src/share/vm/prims/jvm.cpp, line 1312]
Event: 0.400 Thread 0x00007fccbc001800 Exception <a 'java/security/PrivilegedActionException'> (0x000000076b494d68) thrown at [/Users/java_re/workspace/8-2-build-macosx-x86_64/jdk8u31/2394/hotspot/src/share/vm/prims/jvm.cpp, line 1312]
Event: 0.430 Thread 0x00007fccbc001800 Exception <a 'java/lang/ClassNotFoundException': java/lang/Null> (0x000000076b54b970) thrown at [/Users/java_re/workspace/8-2-build-macosx-x86_64/jdk8u31/2394/hotspot/src/share/vm/classfile/systemDictionary.cpp, line 202]
Event: 0.441 Thread 0x00007fccbc001800 Exception <a 'java/lang/NoSuchFieldError': method resolution failed> (0x000000076b5b28b8) thrown at [/Users/java_re/workspace/8-2-build-macosx-x86_64/jdk8u31/2394/hotspot/src/share/vm/prims/methodHandles.cpp, line 1159]
Event: 0.444 Thread 0x00007fccbc001800 Exception <a 'java/lang/NoSuchFieldError': method resolution failed> (0x000000076b5c1d48) thrown at [/Users/java_re/workspace/8-2-build-macosx-x86_64/jdk8u31/2394/hotspot/src/share/vm/prims/methodHandles.cpp, line 1159]
Event: 0.446 Thread 0x00007fccbc001800 Exception <a 'java/lang/NoSuchFieldError': method resolution failed> (0x000000076b5c7328) thrown at [/Users/java_re/workspace/8-2-build-macosx-x86_64/jdk8u31/2394/hotspot/src/share/vm/prims/methodHandles.cpp, line 1159]

Events (10 events):
Event: 11.716 Executing VM operation: GetCurrentLocation
Event: 11.716 Executing VM operation: GetCurrentLocation done
Event: 11.716 Executing VM operation: EnterInterpOnlyMode
Event: 11.716 Executing VM operation: EnterInterpOnlyMode done
Event: 11.716 Executing VM operation: ChangeSingleStep
Event: 11.716 Executing VM operation: ChangeSingleStep done
Event: 11.717 Executing VM operation: ChangeSingleStep
Event: 11.717 Executing VM operation: ChangeSingleStep done
Event: 11.720 Executing VM operation: RedefineClasses
Event: 11.721 Executing VM operation: RedefineClasses done


Dynamic libraries:
0x000000000d098000 	/System/Library/Frameworks/Cocoa.framework/Versions/A/Cocoa
0x000000000d098000 	/System/Library/Frameworks/Security.framework/Versions/A/Security
0x000000000d098000 	/System/Library/Frameworks/ApplicationServices.framework/Versions/A/ApplicationServices
0x000000000d098000 	/usr/lib/libz.1.dylib
0x000000000d098000 	/usr/lib/libSystem.B.dylib
0x000000000d098000 	/usr/lib/libobjc.A.dylib
0x000000000d098000 	/System/Library/Frameworks/CoreFoundation.framework/Versions/A/CoreFoundation
0x000000000d098000 	/System/Library/Frameworks/Foundation.framework/Versions/C/Foundation
0x000000000d098000 	/System/Library/Frameworks/AppKit.framework/Versions/C/AppKit
0x000000000d098000 	/System/Library/Frameworks/CoreData.framework/Versions/A/CoreData
0x000000000d098000 	/System/Library/PrivateFrameworks/RemoteViewServices.framework/Versions/A/RemoteViewServices
0x000000000d098000 	/System/Library/PrivateFrameworks/UIFoundation.framework/Versions/A/UIFoundation
0x000000000d098000 	/System/Library/PrivateFrameworks/DFRFoundation.framework/Versions/A/DFRFoundation
0x000000000d098000 	/usr/lib/libenergytrace.dylib
0x000000000d098000 	/System/Library/PrivateFrameworks/SkyLight.framework/Versions/A/SkyLight
0x000000000d098000 	/System/Library/Frameworks/CoreGraphics.framework/Versions/A/CoreGraphics
0x000000000d098000 	/usr/lib/libScreenReader.dylib
0x000000000d098000 	/System/Library/Frameworks/Accelerate.framework/Versions/A/Accelerate
0x000000000d098000 	/System/Library/Frameworks/IOSurface.framework/Versions/A/IOSurface
0x000000000d098000 	/System/Library/Frameworks/AudioToolbox.framework/Versions/A/AudioToolbox
0x000000000d098000 	/System/Library/Frameworks/AudioUnit.framework/Versions/A/AudioUnit
0x000000000d098000 	/System/Library/PrivateFrameworks/DataDetectorsCore.framework/Versions/A/DataDetectorsCore
0x000000000d098000 	/System/Library/PrivateFrameworks/DesktopServicesPriv.framework/Versions/A/DesktopServicesPriv
0x000000000d098000 	/System/Library/Frameworks/Carbon.framework/Versions/A/Frameworks/HIToolbox.framework/Versions/A/HIToolbox
0x000000000d098000 	/usr/lib/libicucore.A.dylib
0x000000000d098000 	/System/Library/Frameworks/QuartzCore.framework/Versions/A/QuartzCore
0x000000000d098000 	/System/Library/Frameworks/Carbon.framework/Versions/A/Frameworks/SpeechRecognition.framework/Versions/A/SpeechRecognition
0x000000000d098000 	/usr/lib/libauto.dylib
0x000000000d098000 	/usr/lib/libxml2.2.dylib
0x000000000d098000 	/System/Library/PrivateFrameworks/CoreUI.framework/Versions/A/CoreUI
0x000000000d098000 	/System/Library/Frameworks/CoreAudio.framework/Versions/A/CoreAudio
0x000000000d098000 	/System/Library/Frameworks/DiskArbitration.framework/Versions/A/DiskArbitration
0x000000000d098000 	/usr/lib/liblangid.dylib
0x000000000d098000 	/System/Library/PrivateFrameworks/MultitouchSupport.framework/Versions/A/MultitouchSupport
0x000000000d098000 	/System/Library/Frameworks/IOKit.framework/Versions/A/IOKit
0x000000000d098000 	/usr/lib/libDiagnosticMessagesClient.dylib
0x000000000d098000 	/System/Library/Frameworks/CoreServices.framework/Versions/A/CoreServices
0x000000000d098000 	/System/Library/PrivateFrameworks/PerformanceAnalysis.framework/Versions/A/PerformanceAnalysis
0x000000000d098000 	/System/Library/PrivateFrameworks/GenerationalStorage.framework/Versions/A/GenerationalStorage
0x000000000d098000 	/System/Library/Frameworks/OpenGL.framework/Versions/A/OpenGL
0x000000000d098000 	/System/Library/Frameworks/CoreImage.framework/Versions/A/CoreImage
0x000000000d098000 	/System/Library/Frameworks/CoreText.framework/Versions/A/CoreText
0x000000000d098000 	/System/Library/Frameworks/ImageIO.framework/Versions/A/ImageIO
0x000000000d098000 	/System/Library/PrivateFrameworks/Backup.framework/Versions/A/Backup
0x000000000d098000 	/usr/lib/libarchive.2.dylib
0x000000000d098000 	/System/Library/Frameworks/CFNetwork.framework/Versions/A/CFNetwork
0x000000000d098000 	/System/Library/Frameworks/SystemConfiguration.framework/Versions/A/SystemConfiguration
0x000000000d098000 	/usr/lib/libCRFSuite.dylib
0x000000000d098000 	/usr/lib/libc++.1.dylib
0x000000000d098000 	/usr/lib/libc++abi.dylib
0x000000000d098000 	/usr/lib/system/libcache.dylib
0x000000000d098000 	/usr/lib/system/libcommonCrypto.dylib
0x000000000d098000 	/usr/lib/system/libcompiler_rt.dylib
0x000000000d098000 	/usr/lib/system/libcopyfile.dylib
0x000000000d098000 	/usr/lib/system/libcorecrypto.dylib
0x000000000d098000 	/usr/lib/system/libdispatch.dylib
0x000000000d098000 	/usr/lib/system/libdyld.dylib
0x000000000d098000 	/usr/lib/system/libkeymgr.dylib
0x000000000d098000 	/usr/lib/system/liblaunch.dylib
0x000000000d098000 	/usr/lib/system/libmacho.dylib
0x000000000d098000 	/usr/lib/system/libquarantine.dylib
0x000000000d098000 	/usr/lib/system/libremovefile.dylib
0x000000000d098000 	/usr/lib/system/libsystem_asl.dylib
0x000000000d098000 	/usr/lib/system/libsystem_blocks.dylib
0x000000000d098000 	/usr/lib/system/libsystem_c.dylib
0x000000000d098000 	/usr/lib/system/libsystem_configuration.dylib
0x000000000d098000 	/usr/lib/system/libsystem_coreservices.dylib
0x000000000d098000 	/usr/lib/system/libsystem_coretls.dylib
0x000000000d098000 	/usr/lib/system/libsystem_dnssd.dylib
0x000000000d098000 	/usr/lib/system/libsystem_info.dylib
0x000000000d098000 	/usr/lib/system/libsystem_kernel.dylib
0x000000000d098000 	/usr/lib/system/libsystem_m.dylib
0x000000000d098000 	/usr/lib/system/libsystem_malloc.dylib
0x000000000d098000 	/usr/lib/system/libsystem_network.dylib
0x000000000d098000 	/usr/lib/system/libsystem_networkextension.dylib
0x000000000d098000 	/usr/lib/system/libsystem_notify.dylib
0x000000000d098000 	/usr/lib/system/libsystem_platform.dylib
0x000000000d098000 	/usr/lib/system/libsystem_pthread.dylib
0x000000000d098000 	/usr/lib/system/libsystem_sandbox.dylib
0x000000000d098000 	/usr/lib/system/libsystem_secinit.dylib
0x000000000d098000 	/usr/lib/system/libsystem_symptoms.dylib
0x000000000d098000 	/usr/lib/system/libsystem_trace.dylib
0x000000000d098000 	/usr/lib/system/libunwind.dylib
0x000000000d098000 	/usr/lib/system/libxpc.dylib
0x000000000d098000 	/usr/lib/libbsm.0.dylib
0x000000000d098000 	/usr/lib/system/libkxld.dylib
0x000000000d098000 	/usr/lib/libcoretls.dylib
0x000000000d098000 	/usr/lib/libcoretls_cfhelpers.dylib
0x000000000d098000 	/usr/lib/libOpenScriptingUtil.dylib
0x000000000d098000 	/usr/lib/libpam.2.dylib
0x000000000d098000 	/usr/lib/libsqlite3.dylib
0x000000000d098000 	/usr/lib/libxar.1.dylib
0x000000000d098000 	/usr/lib/libbz2.1.0.dylib
0x000000000d098000 	/usr/lib/liblzma.5.dylib
0x000000000d098000 	/usr/lib/libnetwork.dylib
0x000000000d098000 	/usr/lib/libpcap.A.dylib
0x000000000d098000 	/System/Library/Frameworks/CoreServices.framework/Versions/A/Frameworks/FSEvents.framework/Versions/A/FSEvents
0x000000000d098000 	/System/Library/Frameworks/CoreServices.framework/Versions/A/Frameworks/CarbonCore.framework/Versions/A/CarbonCore
0x000000000d098000 	/System/Library/Frameworks/CoreServices.framework/Versions/A/Frameworks/Metadata.framework/Versions/A/Metadata
0x000000000d098000 	/System/Library/Frameworks/CoreServices.framework/Versions/A/Frameworks/OSServices.framework/Versions/A/OSServices
0x000000000d098000 	/System/Library/Frameworks/CoreServices.framework/Versions/A/Frameworks/SearchKit.framework/Versions/A/SearchKit
0x000000000d098000 	/System/Library/Frameworks/CoreServices.framework/Versions/A/Frameworks/AE.framework/Versions/A/AE
0x000000000d098000 	/System/Library/Frameworks/CoreServices.framework/Versions/A/Frameworks/LaunchServices.framework/Versions/A/LaunchServices
0x000000000d098000 	/System/Library/Frameworks/CoreServices.framework/Versions/A/Frameworks/DictionaryServices.framework/Versions/A/DictionaryServices
0x000000000d098000 	/System/Library/Frameworks/CoreServices.framework/Versions/A/Frameworks/SharedFileList.framework/Versions/A/SharedFileList
0x000000000d098000 	/System/Library/Frameworks/NetFS.framework/Versions/A/NetFS
0x000000000d098000 	/System/Library/PrivateFrameworks/NetAuth.framework/Versions/A/NetAuth
0x000000000d098000 	/System/Library/PrivateFrameworks/login.framework/Versions/A/Frameworks/loginsupport.framework/Versions/A/loginsupport
0x000000000d098000 	/System/Library/PrivateFrameworks/TCC.framework/Versions/A/TCC
0x000000000d098000 	/usr/lib/libmecabra.dylib
0x000000000d098000 	/System/Library/Frameworks/ApplicationServices.framework/Versions/A/Frameworks/ATS.framework/Versions/A/ATS
0x000000000d098000 	/System/Library/Frameworks/ApplicationServices.framework/Versions/A/Frameworks/ColorSync.framework/Versions/A/ColorSync
0x000000000d098000 	/System/Library/Frameworks/ApplicationServices.framework/Versions/A/Frameworks/HIServices.framework/Versions/A/HIServices
0x000000000d098000 	/System/Library/Frameworks/ApplicationServices.framework/Versions/A/Frameworks/LangAnalysis.framework/Versions/A/LangAnalysis
0x000000000d098000 	/System/Library/Frameworks/ApplicationServices.framework/Versions/A/Frameworks/PrintCore.framework/Versions/A/PrintCore
0x000000000d098000 	/System/Library/Frameworks/ApplicationServices.framework/Versions/A/Frameworks/QD.framework/Versions/A/QD
0x000000000d098000 	/System/Library/Frameworks/ApplicationServices.framework/Versions/A/Frameworks/SpeechSynthesis.framework/Versions/A/SpeechSynthesis
0x000000000d098000 	/System/Library/Frameworks/Accelerate.framework/Versions/A/Frameworks/vImage.framework/Versions/A/vImage
0x000000000d098000 	/System/Library/Frameworks/Accelerate.framework/Versions/A/Frameworks/vecLib.framework/Versions/A/vecLib
0x000000000d098000 	/System/Library/Frameworks/Accelerate.framework/Versions/A/Frameworks/vecLib.framework/Versions/A/libvDSP.dylib
0x000000000d098000 	/System/Library/Frameworks/Accelerate.framework/Versions/A/Frameworks/vecLib.framework/Versions/A/libBNNS.dylib
0x000000000d098000 	/System/Library/Frameworks/Accelerate.framework/Versions/A/Frameworks/vecLib.framework/Versions/A/libQuadrature.dylib
0x000000000d098000 	/System/Library/Frameworks/Accelerate.framework/Versions/A/Frameworks/vecLib.framework/Versions/A/libvMisc.dylib
0x000000000d098000 	/System/Library/Frameworks/Accelerate.framework/Versions/A/Frameworks/vecLib.framework/Versions/A/libLAPACK.dylib
0x000000000d098000 	/System/Library/Frameworks/Accelerate.framework/Versions/A/Frameworks/vecLib.framework/Versions/A/libBLAS.dylib
0x000000000d098000 	/System/Library/Frameworks/Accelerate.framework/Versions/A/Frameworks/vecLib.framework/Versions/A/libLinearAlgebra.dylib
0x000000000d098000 	/System/Library/Frameworks/Accelerate.framework/Versions/A/Frameworks/vecLib.framework/Versions/A/libSparseBLAS.dylib
0x000000000d098000 	/System/Library/Frameworks/ApplicationServices.framework/Versions/A/Frameworks/ATS.framework/Versions/A/Resources/libFontParser.dylib
0x000000000d098000 	/System/Library/Frameworks/ApplicationServices.framework/Versions/A/Frameworks/ATS.framework/Versions/A/Resources/libFontRegistry.dylib
0x000000000d098000 	/System/Library/Frameworks/ImageIO.framework/Versions/A/Resources/libJPEG.dylib
0x000000000d098000 	/System/Library/Frameworks/ImageIO.framework/Versions/A/Resources/libTIFF.dylib
0x000000000d098000 	/System/Library/Frameworks/ImageIO.framework/Versions/A/Resources/libPng.dylib
0x000000000d098000 	/System/Library/Frameworks/ImageIO.framework/Versions/A/Resources/libGIF.dylib
0x000000000d098000 	/System/Library/Frameworks/ImageIO.framework/Versions/A/Resources/libJP2.dylib
0x000000000d098000 	/System/Library/Frameworks/ImageIO.framework/Versions/A/Resources/libRadiance.dylib
0x000000000d098000 	/usr/lib/libcompression.dylib
0x000000000d098000 	/System/Library/PrivateFrameworks/AppleJPEG.framework/Versions/A/AppleJPEG
0x000000000d098000 	/usr/lib/libcups.2.dylib
0x000000000d098000 	/System/Library/Frameworks/Kerberos.framework/Versions/A/Kerberos
0x000000000d098000 	/System/Library/Frameworks/GSS.framework/Versions/A/GSS
0x000000000d098000 	/usr/lib/libresolv.9.dylib
0x000000000d098000 	/usr/lib/libiconv.2.dylib
0x000000000d098000 	/System/Library/PrivateFrameworks/Heimdal.framework/Versions/A/Heimdal
0x000000000d098000 	/usr/lib/libheimdal-asn1.dylib
0x000000000d098000 	/System/Library/Frameworks/OpenDirectory.framework/Versions/A/OpenDirectory
0x000000000d098000 	/System/Library/PrivateFrameworks/CommonAuth.framework/Versions/A/CommonAuth
0x000000000d098000 	/System/Library/Frameworks/OpenDirectory.framework/Versions/A/Frameworks/CFOpenDirectory.framework/Versions/A/CFOpenDirectory
0x000000000d098000 	/System/Library/Frameworks/SecurityFoundation.framework/Versions/A/SecurityFoundation
0x000000000d098000 	/System/Library/PrivateFrameworks/LanguageModeling.framework/Versions/A/LanguageModeling
0x000000000d098000 	/usr/lib/libmarisa.dylib
0x000000000d098000 	/usr/lib/libChineseTokenizer.dylib
0x000000000d098000 	/usr/lib/libcmph.dylib
0x000000000d098000 	/System/Library/PrivateFrameworks/CoreEmoji.framework/Versions/A/CoreEmoji
0x000000000d098000 	/System/Library/Frameworks/ServiceManagement.framework/Versions/A/ServiceManagement
0x000000000d098000 	/usr/lib/libxslt.1.dylib
0x000000000d098000 	/System/Library/Frameworks/Carbon.framework/Versions/A/Frameworks/Ink.framework/Versions/A/Ink
0x000000000d098000 	/System/Library/PrivateFrameworks/TextureIO.framework/Versions/A/TextureIO
0x000000000d098000 	/System/Library/Frameworks/Metal.framework/Versions/A/Metal
0x000000000d098000 	/usr/lib/libate.dylib
0x000000000d098000 	/System/Library/PrivateFrameworks/GPUCompiler.framework/libmetal_timestamp.dylib
0x000000000d098000 	/System/Library/Frameworks/OpenGL.framework/Versions/A/Libraries/libCoreFSCache.dylib
0x000000000d098000 	/System/Library/PrivateFrameworks/IOAccelerator.framework/Versions/A/IOAccelerator
0x000000000d098000 	/System/Library/Frameworks/CoreVideo.framework/Versions/A/CoreVideo
0x000000000d098000 	/usr/lib/libFosl_dynamic.dylib
0x000000000d098000 	/System/Library/PrivateFrameworks/MetalPerformanceShaders.framework/Versions/A/MetalPerformanceShaders
0x000000000d098000 	/System/Library/PrivateFrameworks/FaceCore.framework/Versions/A/FaceCore
0x000000000d098000 	/System/Library/Frameworks/OpenCL.framework/Versions/A/OpenCL
0x000000000d098000 	/System/Library/Frameworks/OpenGL.framework/Versions/A/Libraries/libGLU.dylib
0x000000000d098000 	/System/Library/Frameworks/OpenGL.framework/Versions/A/Libraries/libGFXShared.dylib
0x000000000d098000 	/System/Library/Frameworks/OpenGL.framework/Versions/A/Libraries/libGL.dylib
0x000000000d098000 	/System/Library/Frameworks/OpenGL.framework/Versions/A/Libraries/libGLImage.dylib
0x000000000d098000 	/System/Library/Frameworks/OpenGL.framework/Versions/A/Libraries/libCVMSPluginSupport.dylib
0x000000000d098000 	/System/Library/Frameworks/OpenGL.framework/Versions/A/Libraries/libCoreVMClient.dylib
0x000000000d098000 	/System/Library/PrivateFrameworks/CrashReporterSupport.framework/Versions/A/CrashReporterSupport
0x000000000d098000 	/System/Library/PrivateFrameworks/Sharing.framework/Versions/A/Sharing
0x000000000d098000 	/System/Library/PrivateFrameworks/IconServices.framework/Versions/A/IconServices
0x000000000d098000 	/System/Library/PrivateFrameworks/ProtocolBuffer.framework/Versions/A/ProtocolBuffer
0x000000000d098000 	/System/Library/PrivateFrameworks/Apple80211.framework/Versions/A/Apple80211
0x000000000d098000 	/System/Library/Frameworks/CoreWLAN.framework/Versions/A/CoreWLAN
0x000000000d098000 	/System/Library/PrivateFrameworks/CoreUtils.framework/Versions/A/CoreUtils
0x000000000d098000 	/System/Library/Frameworks/IOBluetooth.framework/Versions/A/IOBluetooth
0x000000000d098000 	/System/Library/PrivateFrameworks/CoreWiFi.framework/Versions/A/CoreWiFi
0x000000000d098000 	/System/Library/Frameworks/CoreBluetooth.framework/Versions/A/CoreBluetooth
0x000000000d098000 	/System/Library/Frameworks/CoreDisplay.framework/Versions/A/CoreDisplay
0x000000000d098000 	/System/Library/PrivateFrameworks/IOPresentment.framework/Versions/A/IOPresentment
0x000000000d098000 	/System/Library/PrivateFrameworks/DSExternalDisplay.framework/Versions/A/DSExternalDisplay
0x000000000d098000 	/System/Library/PrivateFrameworks/DebugSymbols.framework/Versions/A/DebugSymbols
0x000000000d098000 	/System/Library/PrivateFrameworks/CoreSymbolication.framework/Versions/A/CoreSymbolication
0x000000000d098000 	/System/Library/PrivateFrameworks/Symbolication.framework/Versions/A/Symbolication
0x000000000d098000 	/System/Library/PrivateFrameworks/AppleFSCompression.framework/Versions/A/AppleFSCompression
0x000000000d098000 	/System/Library/PrivateFrameworks/SpeechRecognitionCore.framework/Versions/A/SpeechRecognitionCore
0x000000000d098000 	/System/Library/PrivateFrameworks/ChunkingLibrary.framework/Versions/A/ChunkingLibrary
0x000000010ea00000 	/Library/Java/JavaVirtualMachines/jdk1.8.0_31.jdk/Contents/Home/jre/lib/server/libjvm.dylib
0x000000000d098000 	/usr/lib/libstdc++.6.dylib
0x000000010d87d000 	/Library/Java/JavaVirtualMachines/jdk1.8.0_31.jdk/Contents/Home/jre/lib/libverify.dylib
0x000000010d88b000 	/Library/Java/JavaVirtualMachines/jdk1.8.0_31.jdk/Contents/Home/jre/lib/libjava.dylib
0x000000010d8c0000 	/Library/Java/JavaVirtualMachines/jdk1.8.0_31.jdk/Contents/Home/jre/lib/libjdwp.dylib
0x000000010d90b000 	/Library/Java/JavaVirtualMachines/jdk1.8.0_31.jdk/Contents/Home/jre/lib/libnpt.dylib
0x000000010d90f000 	/Library/Java/JavaVirtualMachines/jdk1.8.0_31.jdk/Contents/Home/jre/lib/libinstrument.dylib
0x000000010d96d000 	/Library/Java/JavaVirtualMachines/jdk1.8.0_31.jdk/Contents/Home/jre/lib/libzip.dylib
0x000000010d9e6000 	/System/Library/Frameworks/JavaVM.framework/Frameworks/JavaRuntimeSupport.framework/JavaRuntimeSupport
0x000000011393a000 	/System/Library/Frameworks/JavaVM.framework/Versions/A/Frameworks/JavaNativeFoundation.framework/Versions/A/JavaNativeFoundation
0x000000011394f000 	/System/Library/Frameworks/JavaVM.framework/Versions/A/JavaVM
0x000000000d098000 	/System/Library/Frameworks/Carbon.framework/Versions/A/Carbon
0x000000011395c000 	/System/Library/PrivateFrameworks/JavaLaunching.framework/Versions/A/JavaLaunching
0x000000000d098000 	/System/Library/Frameworks/Carbon.framework/Versions/A/Frameworks/CommonPanels.framework/Versions/A/CommonPanels
0x000000000d098000 	/System/Library/Frameworks/Carbon.framework/Versions/A/Frameworks/Help.framework/Versions/A/Help
0x000000000d098000 	/System/Library/Frameworks/Carbon.framework/Versions/A/Frameworks/ImageCapture.framework/Versions/A/ImageCapture
0x000000000d098000 	/System/Library/Frameworks/Carbon.framework/Versions/A/Frameworks/OpenScripting.framework/Versions/A/OpenScripting
0x000000000d098000 	/System/Library/Frameworks/Carbon.framework/Versions/A/Frameworks/Print.framework/Versions/A/Print
0x000000000d098000 	/System/Library/Frameworks/Carbon.framework/Versions/A/Frameworks/SecurityHI.framework/Versions/A/SecurityHI
0x00000001139b5000 	/Library/Java/JavaVirtualMachines/jdk1.8.0_31.jdk/Contents/Home/jre/lib/libdt_socket.dylib
0x0000000113ccd000 	/Library/Java/JavaVirtualMachines/jdk1.8.0_31.jdk/Contents/Home/jre/lib/libnio.dylib
0x000000012c75c000 	/Library/Java/JavaVirtualMachines/jdk1.8.0_31.jdk/Contents/Home/jre/lib/./libnet.dylib

VM Arguments:
jvm_args: -agentlib:jdwp=transport=dt_socket,suspend=y,address=localhost:62857 -javaagent:/Users/Dipesh/Programs/jee-photon/Eclipse.app/Contents/Eclipse/configuration/org.eclipse.osgi/411/0/.cp/lib/javaagent-shaded.jar -Dfile.encoding=UTF-8 
java_command: com.person.clustering.Main
java_class_path (initial): /Library/Java/JavaVirtualMachines/jdk1.8.0_31.jdk/Contents/Home/jre/lib/resources.jar:/Library/Java/JavaVirtualMachines/jdk1.8.0_31.jdk/Contents/Home/jre/lib/rt.jar:/Library/Java/JavaVirtualMachines/jdk1.8.0_31.jdk/Contents/Home/jre/lib/jsse.jar:/Library/Java/JavaVirtualMachines/jdk1.8.0_31.jdk/Contents/Home/jre/lib/jce.jar:/Library/Java/JavaVirtualMachines/jdk1.8.0_31.jdk/Contents/Home/jre/lib/charsets.jar:/Library/Java/JavaVirtualMachines/jdk1.8.0_31.jdk/Contents/Home/jre/lib/jfr.jar:/Users/Dipesh/Library/Java/Extensions/daikon.jar:/Users/Dipesh/Library/Java/Extensions/plume.jar:/Library/Java/JavaVirtualMachines/jdk1.8.0_31.jdk/Contents/Home/jre/lib/ext/cldrdata.jar:/Library/Java/JavaVirtualMachines/jdk1.8.0_31.jdk/Contents/Home/jre/lib/ext/dnsns.jar:/Library/Java/JavaVirtualMachines/jdk1.8.0_31.jdk/Contents/Home/jre/lib/ext/jfxrt.jar:/Library/Java/JavaVirtualMachines/jdk1.8.0_31.jdk/Contents/Home/jre/lib/ext/localedata.jar:/Library/Java/JavaVirtualMachines/jdk1.8.0_31.jdk/Contents/Home/jre/lib/ext/nashorn.jar:/Library/Java/JavaVirtualMachines/jdk1.8.0_31.jdk/Contents/Home/jre/lib/ext/sunec.jar:/Library/Java/JavaVirtualMachines/jdk1.8.0_31.jdk/Contents/Home/jre/lib/ext/sunjce_provider.jar:/Library/Java/JavaVirtualMachines/jdk1.8.0_31.jdk/Contents/Home/jre/lib/ext/sunpkcs11.jar:/Library/Java/JavaVirtualMachines/jdk1.8.0_31.jdk/Contents/Home/jre/lib/ext/zipfs.jar:/Library/Java/Extensions/antlr-2.7.6.jar:/Library/Java/Extensions/mts.jar:/System/Library/Java/Extensions/AppleScriptEngine.jar:/System/Library/Java/Extensions/dns_sd.jar:/System/Library/Java/Extensions/j3daudio.jar:/System/Library/Java/Extensions/j3dcore.jar:/System/Library/Java/Extensions/j3dutils.jar:/System/Library/Java/Extensions/jai_codec.jar:/System/Library/Java/Extensions/jai_core.jar:/System/Library/Java/Extensions/mlibwrapper_jai.jar:/System/Library/Java/Extensions/MRJToolkit.jar:/System/Library/Java/Extensions/vecmath.jar:/Users/Dipesh/OneDrive/Research_Engineer/Paper
Launcher Type: SUN_STANDARD

Environment Variables:
PATH=/usr/bin:/bin:/usr/sbin:/sbin
SHELL=/bin/bash
DISPLAY=/private/tmp/com.apple.launchd.d5Xj7E5uZC/org.macosforge.xquartz:0

Signal Handlers:
SIGSEGV: [libjvm.dylib+0x57a0e7], sa_mask[0]=11111111011111110111111111111111, sa_flags=SA_ONSTACK|SA_RESTART|SA_SIGINFO
SIGBUS: [libjvm.dylib+0x57a0e7], sa_mask[0]=11111111011111110111111111111111, sa_flags=SA_RESTART|SA_SIGINFO
SIGFPE: [libjvm.dylib+0x45af24], sa_mask[0]=11111111011111110111111111111111, sa_flags=SA_RESTART|SA_SIGINFO
SIGPIPE: [libjvm.dylib+0x45af24], sa_mask[0]=11111111011111110111111111111111, sa_flags=SA_RESTART|SA_SIGINFO
SIGXFSZ: [libjvm.dylib+0x45af24], sa_mask[0]=11111111011111110111111111111111, sa_flags=SA_RESTART|SA_SIGINFO
SIGILL: [libjvm.dylib+0x45af24], sa_mask[0]=11111111011111110111111111111111, sa_flags=SA_RESTART|SA_SIGINFO
SIGUSR1: SIG_DFL, sa_mask[0]=00000000000000000000000000000000, sa_flags=none
SIGUSR2: [libjvm.dylib+0x45aa42], sa_mask[0]=00100000000000000000000000000000, sa_flags=SA_RESTART|SA_SIGINFO
SIGHUP: [libjvm.dylib+0x459015], sa_mask[0]=11111111011111110111111111111111, sa_flags=SA_RESTART|SA_SIGINFO
SIGINT: [libjvm.dylib+0x459015], sa_mask[0]=11111111011111110111111111111111, sa_flags=SA_RESTART|SA_SIGINFO
SIGTERM: [libjvm.dylib+0x459015], sa_mask[0]=11111111011111110111111111111111, sa_flags=SA_RESTART|SA_SIGINFO
SIGQUIT: [libjvm.dylib+0x459015], sa_mask[0]=11111111011111110111111111111111, sa_flags=SA_RESTART|SA_SIGINFO


---------------  S Y S T E M  ---------------

OS:Bsduname:Darwin 16.7.0 Darwin Kernel Version 16.7.0: Wed Oct 10 20:06:00 PDT 2018; root:xnu-3789.73.24~1/RELEASE_X86_64 x86_64
rlimit: STACK 8192k, CORE 0k, NPROC 709, NOFILE 10240, AS infinity
load average:1.72 2.08 2.24

CPU:total 8 (4 cores per cpu, 2 threads per core) family 6 model 70 stepping 1, cmov, cx8, fxsr, mmx, sse, sse2, sse3, ssse3, sse4.1, sse4.2, popcnt, avx, avx2, aes, clmul, erms, lzcnt, ht, tsc, tscinvbit, bmi1, bmi2

Memory: 4k page, physical 16777216k(49508k free)

/proc/meminfo:


vm_info: Java HotSpot(TM) 64-Bit Server VM (25.31-b07) for bsd-amd64 JRE (1.8.0_31-b13), built on Dec 17 2014 20:45:36 by "java_re" with gcc 4.2.1 (Based on Apple Inc. build 5658) (LLVM build 2336.11.00)

time: Sun Dec  9 18:08:11 2018
elapsed time: 11 seconds (0d 0h 0m 11s)

